<?xml version="1.0" encoding="UTF-8"?>
<coverage generated="1648401234683" clover="3.2.0">
  <project timestamp="1648401234683" name="All files">
    <metrics statements="52" coveredstatements="21" conditionals="10" coveredconditionals="2" methods="21" coveredmethods="6" elements="83" coveredelements="29" complexity="0" loc="52" ncloc="52" packages="5" files="5" classes="5"/>
    <package name="src">
      <metrics statements="0" coveredstatements="0" conditionals="0" coveredconditionals="0" methods="0" coveredmethods="0"/>
      <file name="debouncing.js" path="/home/areyouivan/projects/newProject/FE-Studio-Ghibli-Tracker/src/debouncing.js">
        <metrics statements="0" coveredstatements="0" conditionals="0" coveredconditionals="0" methods="0" coveredmethods="0"/>
      </file>
    </package>
    <package name="src.components.Autocomplete">
      <metrics statements="9" coveredstatements="3" conditionals="4" coveredconditionals="1" methods="4" coveredmethods="1"/>
      <file name="index.js" path="/home/areyouivan/projects/newProject/FE-Studio-Ghibli-Tracker/src/components/Autocomplete/index.js">
        <metrics statements="9" coveredstatements="3" conditionals="4" coveredconditionals="1" methods="4" coveredmethods="1"/>
        <line num="7" count="3" type="stmt"/>
        <line num="8" count="0" type="stmt"/>
        <line num="9" count="0" type="stmt"/>
        <line num="10" count="0" type="stmt"/>
        <line num="12" count="0" type="stmt"/>
        <line num="15" count="3" type="cond" truecount="1" falsecount="1"/>
        <line num="16" count="0" type="stmt"/>
        <line num="19" count="0" type="stmt"/>
        <line num="27" count="3" type="stmt"/>
      </file>
    </package>
    <package name="src.components.Filter">
      <metrics statements="4" coveredstatements="1" conditionals="0" coveredconditionals="0" methods="4" coveredmethods="1"/>
      <file name="index.js" path="/home/areyouivan/projects/newProject/FE-Studio-Ghibli-Tracker/src/components/Filter/index.js">
        <metrics statements="4" coveredstatements="1" conditionals="0" coveredconditionals="0" methods="4" coveredmethods="1"/>
        <line num="8" count="1" type="stmt"/>
        <line num="14" count="0" type="stmt"/>
        <line num="18" count="0" type="stmt"/>
        <line num="30" count="0" type="stmt"/>
      </file>
    </package>
    <package name="src.components.SearchEngine">
      <metrics statements="19" coveredstatements="8" conditionals="2" coveredconditionals="0" methods="6" coveredmethods="2"/>
      <file name="index.js" path="/home/areyouivan/projects/newProject/FE-Studio-Ghibli-Tracker/src/components/SearchEngine/index.js">
        <metrics statements="19" coveredstatements="8" conditionals="2" coveredconditionals="0" methods="6" coveredmethods="2"/>
        <line num="29" count="2" type="stmt"/>
        <line num="30" count="2" type="stmt"/>
        <line num="31" count="2" type="stmt"/>
        <line num="32" count="2" type="stmt"/>
        <line num="34" count="2" type="stmt"/>
        <line num="35" count="0" type="stmt"/>
        <line num="36" count="0" type="stmt"/>
        <line num="40" count="0" type="stmt"/>
        <line num="41" count="0" type="cond" truecount="0" falsecount="2"/>
        <line num="42" count="0" type="stmt"/>
        <line num="43" count="0" type="stmt"/>
        <line num="44" count="0" type="stmt"/>
        <line num="46" count="0" type="stmt"/>
        <line num="51" count="2" type="stmt"/>
        <line num="52" count="2" type="stmt"/>
        <line num="53" count="0" type="stmt"/>
        <line num="76" count="2" type="stmt"/>
        <line num="83" count="0" type="stmt"/>
        <line num="84" count="0" type="stmt"/>
      </file>
    </package>
    <package name="src.pages.Home">
      <metrics statements="20" coveredstatements="9" conditionals="4" coveredconditionals="1" methods="7" coveredmethods="2"/>
      <file name="index.js" path="/home/areyouivan/projects/newProject/FE-Studio-Ghibli-Tracker/src/pages/Home/index.js">
        <metrics statements="20" coveredstatements="9" conditionals="4" coveredconditionals="1" methods="7" coveredmethods="2"/>
        <line num="8" count="1" type="stmt"/>
        <line num="10" count="1" type="stmt"/>
        <line num="11" count="1" type="stmt"/>
        <line num="12" count="0" type="stmt"/>
        <line num="16" count="1" type="stmt"/>
        <line num="17" count="1" type="stmt"/>
        <line num="18" count="1" type="stmt"/>
        <line num="20" count="1" type="stmt"/>
        <line num="21" count="0" type="stmt"/>
        <line num="35" count="1" type="stmt"/>
        <line num="36" count="0" type="stmt"/>
        <line num="41" count="0" type="stmt"/>
        <line num="43" count="0" type="cond" truecount="0" falsecount="2"/>
        <line num="44" count="0" type="stmt"/>
        <line num="45" count="0" type="stmt"/>
        <line num="47" count="0" type="stmt"/>
        <line num="48" count="0" type="stmt"/>
        <line num="49" count="0" type="stmt"/>
        <line num="52" count="1" type="stmt"/>
        <line num="73" count="0" type="stmt"/>
      </file>
    </package>
  </project>
</coverage>
