<?xml version="1.0" encoding="UTF-8"?>
<coverage generated="1648672170951" clover="3.2.0">
  <project timestamp="1648672170951" name="All files">
    <metrics statements="72" coveredstatements="35" conditionals="16" coveredconditionals="6" methods="32" coveredmethods="13" elements="120" coveredelements="54" complexity="0" loc="72" ncloc="72" packages="9" files="9" classes="9"/>
    <package name="src">
      <metrics statements="0" coveredstatements="0" conditionals="0" coveredconditionals="0" methods="0" coveredmethods="0"/>
      <file name="debouncing.js" path="/Users/Lili/Documents/PlatziMaster/FE-Studio-Ghibli-Tracker/src/debouncing.js">
        <metrics statements="0" coveredstatements="0" conditionals="0" coveredconditionals="0" methods="0" coveredmethods="0"/>
      </file>
    </package>
    <package name="src.components.Autocomplete">
      <metrics statements="9" coveredstatements="3" conditionals="4" coveredconditionals="1" methods="4" coveredmethods="1"/>
      <file name="index.js" path="/Users/Lili/Documents/PlatziMaster/FE-Studio-Ghibli-Tracker/src/components/Autocomplete/index.js">
        <metrics statements="9" coveredstatements="3" conditionals="4" coveredconditionals="1" methods="4" coveredmethods="1"/>
        <line num="7" count="3" type="stmt"/>
        <line num="8" count="0" type="stmt"/>
        <line num="9" count="0" type="stmt"/>
        <line num="10" count="0" type="stmt"/>
        <line num="12" count="0" type="stmt"/>
        <line num="15" count="3" type="cond" truecount="1" falsecount="1"/>
        <line num="16" count="0" type="stmt"/>
        <line num="19" count="0" type="stmt"/>
        <line num="27" count="3" type="stmt"/>
      </file>
    </package>
    <package name="src.components.FacebookLogin">
      <metrics statements="4" coveredstatements="3" conditionals="0" coveredconditionals="0" methods="3" coveredmethods="2"/>
      <file name="index.js" path="/Users/Lili/Documents/PlatziMaster/FE-Studio-Ghibli-Tracker/src/components/FacebookLogin/index.js">
        <metrics statements="4" coveredstatements="3" conditionals="0" coveredconditionals="0" methods="3" coveredmethods="2"/>
        <line num="4" count="2" type="stmt"/>
        <line num="5" count="0" type="stmt"/>
        <line num="9" count="4" type="stmt"/>
        <line num="18" count="2" type="stmt"/>
      </file>
    </package>
    <package name="src.components.Film">
      <metrics statements="7" coveredstatements="5" conditionals="2" coveredconditionals="1" methods="2" coveredmethods="2"/>
      <file name="index.js" path="/Users/Lili/Documents/PlatziMaster/FE-Studio-Ghibli-Tracker/src/components/Film/index.js">
        <metrics statements="7" coveredstatements="5" conditionals="2" coveredconditionals="1" methods="2" coveredmethods="2"/>
        <line num="10" count="1" type="stmt"/>
        <line num="12" count="1" type="stmt"/>
        <line num="13" count="1" type="stmt"/>
        <line num="14" count="0" type="stmt"/>
        <line num="17" count="1" type="cond" truecount="1" falsecount="1"/>
        <line num="18" count="0" type="stmt"/>
        <line num="46" count="1" type="stmt"/>
      </file>
    </package>
    <package name="src.components.FilmWatched">
      <metrics statements="1" coveredstatements="1" conditionals="0" coveredconditionals="0" methods="1" coveredmethods="1"/>
      <file name="index.js" path="/Users/Lili/Documents/PlatziMaster/FE-Studio-Ghibli-Tracker/src/components/FilmWatched/index.js">
        <metrics statements="1" coveredstatements="1" conditionals="0" coveredconditionals="0" methods="1" coveredmethods="1"/>
        <line num="6" count="1" type="stmt"/>
      </file>
    </package>
    <package name="src.components.Filter">
      <metrics statements="4" coveredstatements="1" conditionals="0" coveredconditionals="0" methods="4" coveredmethods="1"/>
      <file name="index.js" path="/Users/Lili/Documents/PlatziMaster/FE-Studio-Ghibli-Tracker/src/components/Filter/index.js">
        <metrics statements="4" coveredstatements="1" conditionals="0" coveredconditionals="0" methods="4" coveredmethods="1"/>
        <line num="8" count="1" type="stmt"/>
        <line num="14" count="0" type="stmt"/>
        <line num="18" count="0" type="stmt"/>
        <line num="30" count="0" type="stmt"/>
      </file>
    </package>
    <package name="src.components.SearchEngine">
      <metrics statements="19" coveredstatements="8" conditionals="2" coveredconditionals="0" methods="6" coveredmethods="2"/>
      <file name="index.js" path="/Users/Lili/Documents/PlatziMaster/FE-Studio-Ghibli-Tracker/src/components/SearchEngine/index.js">
        <metrics statements="19" coveredstatements="8" conditionals="2" coveredconditionals="0" methods="6" coveredmethods="2"/>
        <line num="29" count="2" type="stmt"/>
        <line num="30" count="2" type="stmt"/>
        <line num="31" count="2" type="stmt"/>
        <line num="32" count="2" type="stmt"/>
        <line num="34" count="2" type="stmt"/>
        <line num="35" count="0" type="stmt"/>
        <line num="36" count="0" type="stmt"/>
        <line num="40" count="0" type="stmt"/>
        <line num="41" count="0" type="cond" truecount="0" falsecount="2"/>
        <line num="42" count="0" type="stmt"/>
        <line num="43" count="0" type="stmt"/>
        <line num="44" count="0" type="stmt"/>
        <line num="46" count="0" type="stmt"/>
        <line num="51" count="2" type="stmt"/>
        <line num="52" count="2" type="stmt"/>
        <line num="53" count="0" type="stmt"/>
        <line num="76" count="2" type="stmt"/>
        <line num="83" count="0" type="stmt"/>
        <line num="84" count="0" type="stmt"/>
      </file>
    </package>
    <package name="src.components.StarRating">
      <metrics statements="8" coveredstatements="5" conditionals="4" coveredconditionals="3" methods="5" coveredmethods="2"/>
      <file name="index.js" path="/Users/Lili/Documents/PlatziMaster/FE-Studio-Ghibli-Tracker/src/components/StarRating/index.js">
        <metrics statements="8" coveredstatements="5" conditionals="4" coveredconditionals="3" methods="5" coveredmethods="2"/>
        <line num="6" count="1" type="stmt"/>
        <line num="7" count="1" type="stmt"/>
        <line num="9" count="1" type="stmt"/>
        <line num="12" count="5" type="stmt"/>
        <line num="14" count="5" type="stmt"/>
        <line num="20" count="0" type="stmt"/>
        <line num="26" count="0" type="stmt"/>
        <line num="27" count="0" type="stmt"/>
      </file>
    </package>
    <package name="src.pages.Home">
      <metrics statements="20" coveredstatements="9" conditionals="4" coveredconditionals="1" methods="7" coveredmethods="2"/>
      <file name="index.js" path="/Users/Lili/Documents/PlatziMaster/FE-Studio-Ghibli-Tracker/src/pages/Home/index.js">
        <metrics statements="20" coveredstatements="9" conditionals="4" coveredconditionals="1" methods="7" coveredmethods="2"/>
        <line num="9" count="2" type="stmt"/>
        <line num="11" count="1" type="stmt"/>
        <line num="12" count="1" type="stmt"/>
        <line num="13" count="0" type="stmt"/>
        <line num="17" count="1" type="stmt"/>
        <line num="18" count="1" type="stmt"/>
        <line num="19" count="1" type="stmt"/>
        <line num="21" count="1" type="stmt"/>
        <line num="22" count="0" type="stmt"/>
        <line num="36" count="1" type="stmt"/>
        <line num="37" count="0" type="stmt"/>
        <line num="42" count="0" type="stmt"/>
        <line num="44" count="0" type="cond" truecount="0" falsecount="2"/>
        <line num="45" count="0" type="stmt"/>
        <line num="46" count="0" type="stmt"/>
        <line num="48" count="0" type="stmt"/>
        <line num="49" count="0" type="stmt"/>
        <line num="50" count="0" type="stmt"/>
        <line num="53" count="1" type="stmt"/>
        <line num="74" count="0" type="stmt"/>
      </file>
    </package>
  </project>
</coverage>
