{"/Users/Lili/Documents/PlatziMaster/FE-Studio-Ghibli-Tracker/src/debouncing.js": {"path":"/Users/Lili/Documents/PlatziMaster/FE-Studio-Ghibli-Tracker/src/debouncing.js","statementMap":{},"fnMap":{},"branchMap":{},"s":{},"f":{},"b":{},"_coverageSchema":"1a1c01bbd47fc00a2c39e90264f33305004495a9","hash":"57587e4a9c71cead22f4f9542a8f39e43f86b1a6"}
,"/Users/Lili/Documents/PlatziMaster/FE-Studio-Ghibli-Tracker/src/components/Autocomplete/index.js": {"path":"/Users/Lili/Documents/PlatziMaster/FE-Studio-Ghibli-Tracker/src/components/Autocomplete/index.js","statementMap":{"0":{"start":{"line":7,"column":21},"end":{"line":13,"column":3}},"1":{"start":{"line":8,"column":15},"end":{"line":8,"column":33}},"2":{"start":{"line":9,"column":17},"end":{"line":11,"column":6}},"3":{"start":{"line":10,"column":6},"end":{"line":10,"column":36}},"4":{"start":{"line":12,"column":4},"end":{"line":12,"column":20}},"5":{"start":{"line":15,"column":2},"end":{"line":28,"column":3}},"6":{"start":{"line":16,"column":4},"end":{"line":25,"column":6}},"7":{"start":{"line":19,"column":10},"end":{"line":21,"column":15}},"8":{"start":{"line":27,"column":4},"end":{"line":27,"column":17}}},"fnMap":{"0":{"name":"Autocomplete","decl":{"start":{"line":5,"column":9},"end":{"line":5,"column":21}},"loc":{"start":{"line":5,"column":69},"end":{"line":29,"column":1}},"line":5},"1":{"name":"(anonymous_1)","decl":{"start":{"line":7,"column":21},"end":{"line":7,"column":22}},"loc":{"start":{"line":7,"column":28},"end":{"line":13,"column":3}},"line":7},"2":{"name":"(anonymous_2)","decl":{"start":{"line":9,"column":32},"end":{"line":9,"column":33}},"loc":{"start":{"line":9,"column":45},"end":{"line":11,"column":5}},"line":9},"3":{"name":"(anonymous_3)","decl":{"start":{"line":18,"column":21},"end":{"line":18,"column":22}},"loc":{"start":{"line":19,"column":10},"end":{"line":21,"column":15}},"line":19}},"branchMap":{"0":{"loc":{"start":{"line":15,"column":2},"end":{"line":28,"column":3}},"type":"if","locations":[{"start":{"line":15,"column":2},"end":{"line":28,"column":3}},{"start":{"line":26,"column":9},"end":{"line":28,"column":3}}],"line":15},"1":{"loc":{"start":{"line":23,"column":9},"end":{"line":23,"column":39}},"type":"binary-expr","locations":[{"start":{"line":23,"column":9},"end":{"line":23,"column":21}},{"start":{"line":23,"column":25},"end":{"line":23,"column":39}}],"line":23}},"s":{"0":2,"1":0,"2":0,"3":0,"4":0,"5":2,"6":0,"7":0,"8":2},"f":{"0":2,"1":0,"2":0,"3":0},"b":{"0":[0,2],"1":[0,0]},"_coverageSchema":"1a1c01bbd47fc00a2c39e90264f33305004495a9","hash":"867b6492d72fb505d7fb727400c42782e08463dc"}
,"/Users/Lili/Documents/PlatziMaster/FE-Studio-Ghibli-Tracker/src/components/FacebookLogin/index.js": {"path":"/Users/Lili/Documents/PlatziMaster/FE-Studio-Ghibli-Tracker/src/components/FacebookLogin/index.js","statementMap":{"0":{"start":{"line":8,"column":25},"end":{"line":10,"column":1}},"1":{"start":{"line":9,"column":4},"end":{"line":9,"column":41}},"2":{"start":{"line":13,"column":4},"end":{"line":27,"column":6}},"3":{"start":{"line":20,"column":16},"end":{"line":23,"column":25}}},"fnMap":{"0":{"name":"(anonymous_0)","decl":{"start":{"line":8,"column":25},"end":{"line":8,"column":26}},"loc":{"start":{"line":8,"column":39},"end":{"line":10,"column":1}},"line":8},"1":{"name":"Facebook","decl":{"start":{"line":12,"column":9},"end":{"line":12,"column":17}},"loc":{"start":{"line":12,"column":19},"end":{"line":28,"column":1}},"line":12},"2":{"name":"(anonymous_2)","decl":{"start":{"line":19,"column":24},"end":{"line":19,"column":25}},"loc":{"start":{"line":20,"column":16},"end":{"line":23,"column":25}},"line":20}},"branchMap":{},"s":{"0":1,"1":0,"2":2,"3":1},"f":{"0":0,"1":2,"2":1},"b":{},"_coverageSchema":"1a1c01bbd47fc00a2c39e90264f33305004495a9","hash":"61f0cf2b6cc8832e12bcbdfc478938c8756d494b"}
,"/Users/Lili/Documents/PlatziMaster/FE-Studio-Ghibli-Tracker/src/components/Film/index.js": {"path":"/Users/Lili/Documents/PlatziMaster/FE-Studio-Ghibli-Tracker/src/components/Film/index.js","statementMap":{"0":{"start":{"line":10,"column":30},"end":{"line":10,"column":42}},"1":{"start":{"line":12,"column":4},"end":{"line":15,"column":11}},"2":{"start":{"line":13,"column":25},"end":{"line":13,"column":81}},"3":{"start":{"line":14,"column":8},"end":{"line":14,"column":32}},"4":{"start":{"line":17,"column":4},"end":{"line":49,"column":5}},"5":{"start":{"line":18,"column":8},"end":{"line":44,"column":10}},"6":{"start":{"line":46,"column":8},"end":{"line":48,"column":10}}},"fnMap":{"0":{"name":"Film","decl":{"start":{"line":8,"column":9},"end":{"line":8,"column":13}},"loc":{"start":{"line":8,"column":15},"end":{"line":55,"column":1}},"line":8},"1":{"name":"(anonymous_1)","decl":{"start":{"line":12,"column":14},"end":{"line":12,"column":15}},"loc":{"start":{"line":12,"column":26},"end":{"line":15,"column":5}},"line":12}},"branchMap":{"0":{"loc":{"start":{"line":17,"column":4},"end":{"line":49,"column":5}},"type":"if","locations":[{"start":{"line":17,"column":4},"end":{"line":49,"column":5}},{"start":{"line":45,"column":9},"end":{"line":49,"column":5}}],"line":17}},"s":{"0":1,"1":1,"2":1,"3":0,"4":1,"5":0,"6":1},"f":{"0":1,"1":1},"b":{"0":[0,1]},"_coverageSchema":"1a1c01bbd47fc00a2c39e90264f33305004495a9","hash":"9c49d93ecc7c2be82df8036b6a8d1763dc14686d"}
,"/Users/Lili/Documents/PlatziMaster/FE-Studio-Ghibli-Tracker/src/components/FilmWatched/index.js": {"path":"/Users/Lili/Documents/PlatziMaster/FE-Studio-Ghibli-Tracker/src/components/FilmWatched/index.js","statementMap":{"0":{"start":{"line":6,"column":4},"end":{"line":19,"column":6}}},"fnMap":{"0":{"name":"FilmWatched","decl":{"start":{"line":5,"column":9},"end":{"line":5,"column":20}},"loc":{"start":{"line":5,"column":22},"end":{"line":20,"column":1}},"line":5}},"branchMap":{},"s":{"0":1},"f":{"0":1},"b":{},"_coverageSchema":"1a1c01bbd47fc00a2c39e90264f33305004495a9","hash":"0ec90dd22250fb4ff1cc963037534b230de0a73a"}
,"/Users/Lili/Documents/PlatziMaster/FE-Studio-Ghibli-Tracker/src/components/Filter/index.js": {"path":"/Users/Lili/Documents/PlatziMaster/FE-Studio-Ghibli-Tracker/src/components/Filter/index.js","statementMap":{"0":{"start":{"line":8,"column":2},"end":{"line":49,"column":4}},"1":{"start":{"line":17,"column":25},"end":{"line":17,"column":54}},"2":{"start":{"line":22,"column":14},"end":{"line":22,"column":44}},"3":{"start":{"line":36,"column":14},"end":{"line":36,"column":40}}},"fnMap":{"0":{"name":"Filter","decl":{"start":{"line":7,"column":9},"end":{"line":7,"column":15}},"loc":{"start":{"line":7,"column":77},"end":{"line":50,"column":1}},"line":7},"1":{"name":"(anonymous_1)","decl":{"start":{"line":17,"column":19},"end":{"line":17,"column":20}},"loc":{"start":{"line":17,"column":25},"end":{"line":17,"column":54}},"line":17},"2":{"name":"(anonymous_2)","decl":{"start":{"line":21,"column":22},"end":{"line":21,"column":23}},"loc":{"start":{"line":21,"column":29},"end":{"line":23,"column":13}},"line":21},"3":{"name":"(anonymous_3)","decl":{"start":{"line":35,"column":22},"end":{"line":35,"column":23}},"loc":{"start":{"line":35,"column":29},"end":{"line":37,"column":13}},"line":35}},"branchMap":{},"s":{"0":1,"1":0,"2":0,"3":0},"f":{"0":1,"1":0,"2":0,"3":0},"b":{},"_coverageSchema":"1a1c01bbd47fc00a2c39e90264f33305004495a9","hash":"612a4fc0007e6e0d3d2e27b27cfe816301ed9a28"}
,"/Users/Lili/Documents/PlatziMaster/FE-Studio-Ghibli-Tracker/src/components/LoginButton/index.js": {"path":"/Users/Lili/Documents/PlatziMaster/FE-Studio-Ghibli-Tracker/src/components/LoginButton/index.js","statementMap":{"0":{"start":{"line":6,"column":4},"end":{"line":6,"column":77}}},"fnMap":{"0":{"name":"LoginButton","decl":{"start":{"line":4,"column":9},"end":{"line":4,"column":20}},"loc":{"start":{"line":4,"column":28},"end":{"line":8,"column":1}},"line":4}},"branchMap":{},"s":{"0":1},"f":{"0":1},"b":{},"_coverageSchema":"1a1c01bbd47fc00a2c39e90264f33305004495a9","hash":"9df055ac703741703ec286e4fc243b4a2e84e2ee"}
,"/Users/Lili/Documents/PlatziMaster/FE-Studio-Ghibli-Tracker/src/components/Menu/NavLinks/index.js": {"path":"/Users/Lili/Documents/PlatziMaster/FE-Studio-Ghibli-Tracker/src/components/Menu/NavLinks/index.js","statementMap":{"0":{"start":{"line":7,"column":27},"end":{"line":7,"column":46}},"1":{"start":{"line":8,"column":25},"end":{"line":8,"column":43}},"2":{"start":{"line":10,"column":28},"end":{"line":10,"column":48}},"3":{"start":{"line":11,"column":26},"end":{"line":11,"column":44}},"4":{"start":{"line":12,"column":4},"end":{"line":31,"column":6}},"5":{"start":{"line":19,"column":24},"end":{"line":26,"column":36}}},"fnMap":{"0":{"name":"NavLinks","decl":{"start":{"line":5,"column":9},"end":{"line":5,"column":17}},"loc":{"start":{"line":5,"column":25},"end":{"line":32,"column":1}},"line":5},"1":{"name":"(anonymous_1)","decl":{"start":{"line":18,"column":29},"end":{"line":18,"column":30}},"loc":{"start":{"line":19,"column":24},"end":{"line":26,"column":36}},"line":19}},"branchMap":{},"s":{"0":0,"1":0,"2":0,"3":0,"4":0,"5":0},"f":{"0":0,"1":0},"b":{},"_coverageSchema":"1a1c01bbd47fc00a2c39e90264f33305004495a9","hash":"c6de8b64c1fbe948d08f12e17db0ae241437fbe2"}
,"/Users/Lili/Documents/PlatziMaster/FE-Studio-Ghibli-Tracker/src/components/Menu/NavLinks/navLink/index.js": {"path":"/Users/Lili/Documents/PlatziMaster/FE-Studio-Ghibli-Tracker/src/components/Menu/NavLinks/navLink/index.js","statementMap":{"0":{"start":{"line":5,"column":4},"end":{"line":5,"column":53}}},"fnMap":{"0":{"name":"NavLink","decl":{"start":{"line":3,"column":9},"end":{"line":3,"column":16}},"loc":{"start":{"line":3,"column":24},"end":{"line":7,"column":1}},"line":3}},"branchMap":{},"s":{"0":0},"f":{"0":0},"b":{},"_coverageSchema":"1a1c01bbd47fc00a2c39e90264f33305004495a9","hash":"e90a067ccd4301611cfbf770637b0d3a10429482"}
,"/Users/Lili/Documents/PlatziMaster/FE-Studio-Ghibli-Tracker/src/components/RegisterButton/index.js": {"path":"/Users/Lili/Documents/PlatziMaster/FE-Studio-Ghibli-Tracker/src/components/RegisterButton/index.js","statementMap":{"0":{"start":{"line":5,"column":4},"end":{"line":5,"column":77}}},"fnMap":{"0":{"name":"CTA_RegisterButton","decl":{"start":{"line":4,"column":9},"end":{"line":4,"column":27}},"loc":{"start":{"line":4,"column":35},"end":{"line":6,"column":1}},"line":4}},"branchMap":{},"s":{"0":1},"f":{"0":1},"b":{},"_coverageSchema":"1a1c01bbd47fc00a2c39e90264f33305004495a9","hash":"b2bbb1cbfaf8da1d5b16cca9222cce218ef1e0aa"}
,"/Users/Lili/Documents/PlatziMaster/FE-Studio-Ghibli-Tracker/src/components/SearchEngine/index.js": {"path":"/Users/Lili/Documents/PlatziMaster/FE-Studio-Ghibli-Tracker/src/components/SearchEngine/index.js","statementMap":{"0":{"start":{"line":29,"column":40},"end":{"line":29,"column":52}},"1":{"start":{"line":30,"column":32},"end":{"line":30,"column":44}},"2":{"start":{"line":31,"column":28},"end":{"line":31,"column":40}},"3":{"start":{"line":32,"column":26},"end":{"line":32,"column":38}},"4":{"start":{"line":34,"column":22},"end":{"line":48,"column":3}},"5":{"start":{"line":35,"column":27},"end":{"line":35,"column":41}},"6":{"start":{"line":36,"column":4},"end":{"line":36,"column":35}},"7":{"start":{"line":40,"column":18},"end":{"line":40,"column":20}},"8":{"start":{"line":41,"column":4},"end":{"line":47,"column":5}},"9":{"start":{"line":42,"column":6},"end":{"line":45,"column":9}},"10":{"start":{"line":43,"column":22},"end":{"line":43,"column":56}},"11":{"start":{"line":44,"column":8},"end":{"line":44,"column":39}},"12":{"start":{"line":46,"column":6},"end":{"line":46,"column":26}},"13":{"start":{"line":51,"column":2},"end":{"line":54,"column":9}},"14":{"start":{"line":52,"column":21},"end":{"line":52,"column":77}},"15":{"start":{"line":53,"column":4},"end":{"line":53,"column":28}},"16":{"start":{"line":56,"column":2},"end":{"line":56,"column":38}},"17":{"start":{"line":78,"column":2},"end":{"line":100,"column":4}},"18":{"start":{"line":86,"column":10},"end":{"line":88,"column":18}},"19":{"start":{"line":87,"column":12},"end":{"line":87,"column":27}}},"fnMap":{"0":{"name":"SearchEngine","decl":{"start":{"line":28,"column":9},"end":{"line":28,"column":21}},"loc":{"start":{"line":28,"column":24},"end":{"line":101,"column":1}},"line":28},"1":{"name":"(anonymous_1)","decl":{"start":{"line":34,"column":22},"end":{"line":34,"column":23}},"loc":{"start":{"line":34,"column":29},"end":{"line":48,"column":3}},"line":34},"2":{"name":"(anonymous_2)","decl":{"start":{"line":42,"column":29},"end":{"line":42,"column":30}},"loc":{"start":{"line":42,"column":39},"end":{"line":45,"column":7}},"line":42},"3":{"name":"(anonymous_3)","decl":{"start":{"line":51,"column":12},"end":{"line":51,"column":13}},"loc":{"start":{"line":51,"column":24},"end":{"line":54,"column":3}},"line":51},"4":{"name":"(anonymous_4)","decl":{"start":{"line":85,"column":16},"end":{"line":85,"column":17}},"loc":{"start":{"line":85,"column":22},"end":{"line":89,"column":9}},"line":85},"5":{"name":"(anonymous_5)","decl":{"start":{"line":86,"column":21},"end":{"line":86,"column":22}},"loc":{"start":{"line":86,"column":27},"end":{"line":88,"column":11}},"line":86}},"branchMap":{"0":{"loc":{"start":{"line":41,"column":4},"end":{"line":47,"column":5}},"type":"if","locations":[{"start":{"line":41,"column":4},"end":{"line":47,"column":5}},{"start":{},"end":{}}],"line":41}},"s":{"0":1,"1":1,"2":1,"3":1,"4":1,"5":0,"6":0,"7":0,"8":0,"9":0,"10":0,"11":0,"12":0,"13":1,"14":1,"15":0,"16":1,"17":1,"18":0,"19":0},"f":{"0":1,"1":0,"2":0,"3":1,"4":0,"5":0},"b":{"0":[0,0]},"_coverageSchema":"1a1c01bbd47fc00a2c39e90264f33305004495a9","hash":"b1af2a55bf2d01f4c04e7a69c7ab65e8da61de48"}
,"/Users/Lili/Documents/PlatziMaster/FE-Studio-Ghibli-Tracker/src/components/StarRating/index.js": {"path":"/Users/Lili/Documents/PlatziMaster/FE-Studio-Ghibli-Tracker/src/components/StarRating/index.js","statementMap":{"0":{"start":{"line":6,"column":32},"end":{"line":6,"column":46}},"1":{"start":{"line":7,"column":30},"end":{"line":7,"column":44}},"2":{"start":{"line":9,"column":4},"end":{"line":33,"column":6}},"3":{"start":{"line":12,"column":36},"end":{"line":12,"column":41}},"4":{"start":{"line":14,"column":16},"end":{"line":30,"column":18}},"5":{"start":{"line":20,"column":42},"end":{"line":20,"column":64}},"6":{"start":{"line":26,"column":49},"end":{"line":26,"column":70}},"7":{"start":{"line":27,"column":50},"end":{"line":27,"column":64}}},"fnMap":{"0":{"name":"StarRating","decl":{"start":{"line":5,"column":9},"end":{"line":5,"column":19}},"loc":{"start":{"line":5,"column":21},"end":{"line":34,"column":1}},"line":5},"1":{"name":"(anonymous_1)","decl":{"start":{"line":11,"column":31},"end":{"line":11,"column":32}},"loc":{"start":{"line":11,"column":42},"end":{"line":31,"column":13}},"line":11},"2":{"name":"(anonymous_2)","decl":{"start":{"line":20,"column":37},"end":{"line":20,"column":38}},"loc":{"start":{"line":20,"column":42},"end":{"line":20,"column":64}},"line":20},"3":{"name":"(anonymous_3)","decl":{"start":{"line":26,"column":44},"end":{"line":26,"column":45}},"loc":{"start":{"line":26,"column":49},"end":{"line":26,"column":70}},"line":26},"4":{"name":"(anonymous_4)","decl":{"start":{"line":27,"column":44},"end":{"line":27,"column":45}},"loc":{"start":{"line":27,"column":50},"end":{"line":27,"column":64}},"line":27}},"branchMap":{"0":{"loc":{"start":{"line":24,"column":35},"end":{"line":24,"column":91}},"type":"cond-expr","locations":[{"start":{"line":24,"column":70},"end":{"line":24,"column":79}},{"start":{"line":24,"column":82},"end":{"line":24,"column":91}}],"line":24},"1":{"loc":{"start":{"line":24,"column":51},"end":{"line":24,"column":66}},"type":"binary-expr","locations":[{"start":{"line":24,"column":51},"end":{"line":24,"column":56}},{"start":{"line":24,"column":60},"end":{"line":24,"column":66}}],"line":24}},"s":{"0":1,"1":1,"2":1,"3":5,"4":5,"5":0,"6":0,"7":0},"f":{"0":1,"1":5,"2":0,"3":0,"4":0},"b":{"0":[0,5],"1":[5,5]},"_coverageSchema":"1a1c01bbd47fc00a2c39e90264f33305004495a9","hash":"3e9ad5fed0f999c14a46c29a27a93d89abb5f749"}
}
