TN:
SF:src/debouncing.js
FNF:0
FNH:0
LF:0
LH:0
BRF:0
BRH:0
end_of_record
TN:
SF:src/components/Autocomplete/index.js
FN:5,Autocomplete
FN:7,(anonymous_1)
FN:9,(anonymous_2)
FN:18,(anonymous_3)
FNF:4
FNH:1
FNDA:2,Autocomplete
FNDA:0,(anonymous_1)
FNDA:0,(anonymous_2)
FNDA:0,(anonymous_3)
DA:7,2
DA:8,0
DA:9,0
DA:10,0
DA:12,0
DA:15,2
DA:16,0
DA:19,0
DA:27,2
LF:9
LH:3
BRDA:15,0,0,0
BRDA:15,0,1,2
BRDA:23,1,0,0
BRDA:23,1,1,0
BRF:4
BRH:1
end_of_record
TN:
SF:src/components/FacebookLogin/index.js
FN:6,(anonymous_0)
FN:10,Facebook
FN:19,(anonymous_2)
FNF:3
FNH:2
FNDA:0,(anonymous_0)
FNDA:2,Facebook
FNDA:1,(anonymous_2)
DA:6,1
DA:7,0
DA:11,2
DA:20,1
LF:4
LH:3
BRF:0
BRH:0
end_of_record
TN:
SF:src/components/Film/index.js
FN:8,Film
FN:12,(anonymous_1)
FNF:2
FNH:2
FNDA:1,Film
FNDA:1,(anonymous_1)
DA:10,1
DA:12,1
DA:13,1
DA:14,0
DA:17,1
DA:18,0
DA:46,1
LF:7
LH:5
BRDA:17,0,0,0
BRDA:17,0,1,1
BRF:2
BRH:1
end_of_record
TN:
SF:src/components/FilmWatched/index.js
FN:5,FilmWatched
FNF:1
FNH:1
FNDA:1,FilmWatched
DA:6,1
LF:1
LH:1
BRF:0
BRH:0
end_of_record
TN:
SF:src/components/Filter/index.js
FN:7,Filter
FN:17,(anonymous_1)
FN:21,(anonymous_2)
FN:35,(anonymous_3)
FNF:4
FNH:1
FNDA:1,Filter
FNDA:0,(anonymous_1)
FNDA:0,(anonymous_2)
FNDA:0,(anonymous_3)
DA:8,1
DA:17,0
DA:22,0
DA:36,0
LF:4
LH:1
BRF:0
BRH:0
end_of_record
TN:
SF:src/components/LoginButton/index.js
FN:4,LoginButton
FNF:1
FNH:1
FNDA:1,LoginButton
DA:6,1
LF:1
LH:1
BRF:0
BRH:0
end_of_record
TN:
SF:src/components/Menu/NavLinks/index.js
FN:5,NavLinks
FN:18,(anonymous_1)
FNF:2
FNH:0
FNDA:0,NavLinks
FNDA:0,(anonymous_1)
DA:7,0
DA:8,0
DA:10,0
DA:11,0
DA:12,0
DA:19,0
LF:6
LH:0
BRF:0
BRH:0
end_of_record
TN:
SF:src/components/Menu/NavLinks/navLink/index.js
FN:3,NavLink
FNF:1
FNH:0
FNDA:0,NavLink
DA:5,0
LF:1
LH:0
BRF:0
BRH:0
end_of_record
TN:
SF:src/components/RegisterButton/index.js
FN:4,CTA_RegisterButton
FNF:1
FNH:1
FNDA:1,CTA_RegisterButton
DA:5,1
LF:1
LH:1
BRF:0
BRH:0
end_of_record
TN:
SF:src/components/SearchEngine/index.js
FN:28,SearchEngine
FN:34,(anonymous_1)
FN:42,(anonymous_2)
FN:51,(anonymous_3)
FN:85,(anonymous_4)
FN:86,(anonymous_5)
FNF:6
FNH:2
FNDA:1,SearchEngine
FNDA:0,(anonymous_1)
FNDA:0,(anonymous_2)
FNDA:1,(anonymous_3)
FNDA:0,(anonymous_4)
FNDA:0,(anonymous_5)
DA:29,1
DA:30,1
DA:31,1
DA:32,1
DA:34,1
DA:35,0
DA:36,0
DA:40,0
DA:41,0
DA:42,0
DA:43,0
DA:44,0
DA:46,0
DA:51,1
DA:52,1
DA:53,0
DA:56,1
DA:78,1
DA:86,0
DA:87,0
LF:20
LH:9
BRDA:41,0,0,0
BRDA:41,0,1,0
BRF:2
BRH:0
end_of_record
TN:
SF:src/components/StarRating/index.js
FN:5,StarRating
FN:11,(anonymous_1)
FN:20,(anonymous_2)
FN:26,(anonymous_3)
FN:27,(anonymous_4)
FNF:5
FNH:2
FNDA:1,StarRating
FNDA:5,(anonymous_1)
FNDA:0,(anonymous_2)
FNDA:0,(anonymous_3)
FNDA:0,(anonymous_4)
DA:6,1
DA:7,1
DA:9,1
DA:12,5
DA:14,5
DA:20,0
DA:26,0
DA:27,0
LF:8
LH:5
BRDA:24,0,0,0
BRDA:24,0,1,5
BRDA:24,1,0,5
BRDA:24,1,1,5
BRF:4
BRH:3
end_of_record
