TN:
SF:src/debouncing.js
FNF:0
FNH:0
LF:0
LH:0
BRF:0
BRH:0
end_of_record
TN:
SF:src/components/Autocomplete/index.js
FN:5,Autocomplete
FN:7,(anonymous_1)
FN:9,(anonymous_2)
FN:18,(anonymous_3)
FNF:4
FNH:1
FNDA:3,Autocomplete
FNDA:0,(anonymous_1)
FNDA:0,(anonymous_2)
FNDA:0,(anonymous_3)
DA:7,3
DA:8,0
DA:9,0
DA:10,0
DA:12,0
DA:15,3
DA:16,0
DA:19,0
DA:27,3
LF:9
LH:3
BRDA:15,0,0,0
BRDA:15,0,1,3
BRDA:23,1,0,0
BRDA:23,1,1,0
BRF:4
BRH:1
end_of_record
TN:
SF:src/components/Filter/index.js
FN:7,Filter
FN:14,(anonymous_1)
FN:17,(anonymous_2)
FN:29,(anonymous_3)
FNF:4
FNH:1
FNDA:1,Filter
FNDA:0,(anonymous_1)
FNDA:0,(anonymous_2)
FNDA:0,(anonymous_3)
DA:8,1
DA:14,0
DA:18,0
DA:30,0
LF:4
LH:1
BRF:0
BRH:0
end_of_record
TN:
SF:src/components/SearchEngine/index.js
FN:28,SearchEngine
FN:34,(anonymous_1)
FN:42,(anonymous_2)
FN:51,(anonymous_3)
FN:82,(anonymous_4)
FN:83,(anonymous_5)
FNF:6
FNH:2
FNDA:2,SearchEngine
FNDA:0,(anonymous_1)
FNDA:0,(anonymous_2)
FNDA:2,(anonymous_3)
FNDA:0,(anonymous_4)
FNDA:0,(anonymous_5)
DA:29,2
DA:30,2
DA:31,2
DA:32,2
DA:34,2
DA:35,0
DA:36,0
DA:40,0
DA:41,0
DA:42,0
DA:43,0
DA:44,0
DA:46,0
DA:51,2
DA:52,2
DA:53,0
DA:76,2
DA:83,0
DA:84,0
LF:19
LH:8
BRDA:41,0,0,0
BRDA:41,0,1,0
BRF:2
BRH:0
end_of_record
TN:
SF:src/pages/Home/index.js
FN:6,Home
FN:10,(anonymous_1)
FN:20,(anonymous_2)
FN:35,(anonymous_3)
FN:44,(anonymous_4)
FN:45,(anonymous_5)
FN:72,(anonymous_6)
FNF:7
FNH:2
FNDA:1,Home
FNDA:1,(anonymous_1)
FNDA:0,(anonymous_2)
FNDA:0,(anonymous_3)
FNDA:0,(anonymous_4)
FNDA:0,(anonymous_5)
FNDA:0,(anonymous_6)
DA:8,1
DA:10,1
DA:11,1
DA:12,0
DA:16,1
DA:17,1
DA:18,1
DA:20,1
DA:21,0
DA:35,1
DA:36,0
DA:41,0
DA:43,0
DA:44,0
DA:45,0
DA:47,0
DA:48,0
DA:49,0
DA:52,1
DA:73,0
LF:20
LH:9
BRDA:43,0,0,0
BRDA:43,0,1,0
BRDA:60,1,0,1
BRDA:60,1,1,0
BRF:4
BRH:1
end_of_record
